2025-07-24T13:47:55.045Z [INFO]: 🤖 Enhanced WhatsApp Bot initializing...
2025-07-24T13:47:55.048Z [INFO]: 🚀 Starting WhatsApp connection...
2025-07-24T13:47:56.709Z [INFO]: 
📱 QR CODE FOR WHATSAPP WEB
2025-07-24T13:48:56.839Z [INFO]: 
📱 QR CODE FOR WHATSAPP WEB
2025-07-24T13:49:16.896Z [INFO]: 
📱 QR CODE FOR WHATSAPP WEB
2025-07-24T13:49:36.974Z [INFO]: 
📱 QR CODE FOR WHATSAPP WEB
2025-07-24T13:49:56.989Z [INFO]: 
📱 QR CODE FOR WHATSAPP WEB
2025-07-24T13:50:17.002Z [INFO]: 
📱 QR CODE FOR WHATSAPP WEB
2025-07-24T13:50:37.063Z [INFO]: 🔄 Reconnecting in 2s (attempt 1/5)...
2025-07-24T13:50:39.066Z [INFO]: 🚀 Starting WhatsApp connection...
2025-07-24T13:50:40.526Z [INFO]: 
📱 QR CODE FOR WHATSAPP WEB
2025-07-24T13:51:40.567Z [INFO]: 
📱 QR CODE FOR WHATSAPP WEB
2025-07-24T13:52:00.616Z [INFO]: 
📱 QR CODE FOR WHATSAPP WEB
2025-07-24T13:52:20.664Z [INFO]: 
📱 QR CODE FOR WHATSAPP WEB
2025-07-24T13:52:40.710Z [INFO]: 
📱 QR CODE FOR WHATSAPP WEB
2025-07-24T13:53:00.728Z [INFO]: 
📱 QR CODE FOR WHATSAPP WEB
2025-07-24T13:53:20.764Z [INFO]: 🔄 Reconnecting in 4s (attempt 2/5)...
2025-07-24T13:53:24.778Z [INFO]: 🚀 Starting WhatsApp connection...
2025-07-24T13:53:26.169Z [INFO]: 
📱 QR CODE FOR WHATSAPP WEB
2025-07-24T13:54:26.209Z [INFO]: 
📱 QR CODE FOR WHATSAPP WEB
2025-07-24T13:54:46.230Z [INFO]: 
📱 QR CODE FOR WHATSAPP WEB
2025-07-24T13:55:06.270Z [INFO]: 
📱 QR CODE FOR WHATSAPP WEB
2025-07-24T13:55:26.307Z [INFO]: 
📱 QR CODE FOR WHATSAPP WEB
2025-07-24T13:55:46.352Z [INFO]: 
📱 QR CODE FOR WHATSAPP WEB
2025-07-24T13:56:06.395Z [INFO]: 🔄 Reconnecting in 8s (attempt 3/5)...
2025-07-24T13:56:14.397Z [INFO]: 🚀 Starting WhatsApp connection...
2025-07-24T13:56:15.763Z [INFO]: 
📱 QR CODE FOR WHATSAPP WEB
2025-07-24T13:57:15.808Z [INFO]: 
📱 QR CODE FOR WHATSAPP WEB
2025-07-24T13:57:27.239Z [INFO]: 🔄 Reconnecting in 16s (attempt 4/5)...
2025-07-24T13:57:43.253Z [INFO]: 🚀 Starting WhatsApp connection...
2025-07-24T13:57:46.651Z [INFO]: ✅ WhatsApp Bot Connected Successfully!
2025-07-24T13:57:46.661Z [INFO]: 📱 Bot Number: 255657126789:1@s.whatsapp.net
2025-07-24T13:57:46.663Z [INFO]: 🤖 Bot Name: Enhanced WhatsApp Bot
2025-07-24T13:57:46.667Z [INFO]: 🔧 Prefix: .
2025-07-24T13:59:13.169Z [INFO]: 🛑 Shutting down bot...
2025-07-24T13:59:13.175Z [INFO]: 🔄 Reconnecting in 2s (attempt 1/5)...
2025-07-24T13:59:13.179Z [INFO]: 🛑 Shutting down bot...
2025-07-24T13:59:13.183Z [INFO]: 🛑 Shutting down bot...
2025-07-24T13:59:13.188Z [INFO]: 🛑 Shutting down bot...
2025-07-24T13:59:13.191Z [INFO]: 🛑 Shutting down bot...
2025-07-24T13:59:13.194Z [INFO]: 🔌 Socket connection closed
2025-07-24T13:59:13.196Z [INFO]: 🔌 Socket connection closed
2025-07-24T13:59:13.199Z [INFO]: 🔌 Socket connection closed
2025-07-24T13:59:13.201Z [INFO]: 🔌 Socket connection closed
2025-07-24T13:59:13.205Z [INFO]: 🔌 Socket connection closed
2025-07-24T13:59:13.222Z [INFO]: 💾 Database connection closed
2025-07-24T13:59:13.223Z [INFO]: ✅ Bot shutdown complete
2025-07-24T14:04:49.233Z [INFO]: 🤖 Enhanced WhatsApp Bot initializing...
2025-07-24T14:04:49.236Z [INFO]: 🚀 Starting WhatsApp connection...
2025-07-24T14:04:51.884Z [INFO]: ✅ WhatsApp Bot Connected Successfully!
2025-07-24T14:04:51.888Z [INFO]: 📱 Bot Number: 255657126789:1@s.whatsapp.net
2025-07-24T14:04:51.891Z [INFO]: 🤖 Bot Name: Enhanced WhatsApp Bot
2025-07-24T14:04:51.894Z [INFO]: 🔧 Prefix: .
2025-07-24T14:05:18.306Z [INFO]: 🛑 Shutting down bot...
2025-07-24T14:05:18.317Z [INFO]: 🔄 Reconnecting in 2s (attempt 1/5)...
2025-07-24T14:05:18.319Z [INFO]: 🔌 Socket connection closed
2025-07-24T14:05:18.331Z [INFO]: 💾 Database connection closed
2025-07-24T14:05:18.332Z [INFO]: ✅ Bot shutdown complete
2025-07-24T14:05:26.794Z [INFO]: 🤖 Enhanced WhatsApp Bot initializing...
2025-07-24T14:05:26.797Z [INFO]: 🚀 Starting WhatsApp connection...
2025-07-24T14:05:29.683Z [INFO]: ✅ WhatsApp Bot Connected Successfully!
2025-07-24T14:05:29.686Z [INFO]: 📱 Bot Number: 255657126789:1@s.whatsapp.net
2025-07-24T14:05:29.688Z [INFO]: 🤖 Bot Name: Enhanced WhatsApp Bot
2025-07-24T14:05:29.690Z [INFO]: 🔧 Prefix: .
2025-07-24T14:06:03.391Z [ERROR]: 🚪 Logged out from WhatsApp. Please scan QR code again.
2025-07-24T14:06:10.688Z [INFO]: 🛑 Shutting down bot...
2025-07-24T14:06:10.690Z [INFO]: 🔌 Socket connection closed
2025-07-24T14:06:10.699Z [INFO]: 💾 Database connection closed
2025-07-24T14:06:10.701Z [INFO]: ✅ Bot shutdown complete
2025-07-24T14:06:27.521Z [INFO]: 🤖 Enhanced WhatsApp Bot initializing...
2025-07-24T14:06:27.523Z [INFO]: 🚀 Starting WhatsApp connection...
2025-07-24T14:06:29.135Z [INFO]: 
📱 QR CODE FOR WHATSAPP WEB
2025-07-24T14:07:04.513Z [INFO]: 🔄 Reconnecting in 2s (attempt 1/5)...
2025-07-24T14:07:06.524Z [INFO]: 🚀 Starting WhatsApp connection...
2025-07-24T14:07:09.276Z [INFO]: ✅ WhatsApp Bot Connected Successfully!
2025-07-24T14:07:09.278Z [INFO]: 📱 Bot Number: 255657126789:2@s.whatsapp.net
2025-07-24T14:07:09.280Z [INFO]: 🤖 Bot Name: Enhanced WhatsApp Bot
2025-07-24T14:07:09.283Z [INFO]: 🔧 Prefix: .
2025-07-24T14:09:34.809Z [INFO]: 🛑 Shutting down bot...
2025-07-24T14:09:34.815Z [INFO]: 🔄 Reconnecting in 2s (attempt 1/5)...
2025-07-24T14:09:34.823Z [INFO]: 🛑 Shutting down bot...
2025-07-24T14:09:34.829Z [INFO]: 🔌 Socket connection closed
2025-07-24T14:09:34.832Z [INFO]: 🔌 Socket connection closed
2025-07-24T14:09:34.845Z [INFO]: 💾 Database connection closed
2025-07-24T14:09:34.847Z [INFO]: ✅ Bot shutdown complete
2025-07-24T14:09:48.417Z [INFO]: 🤖 Enhanced WhatsApp Bot initializing...
2025-07-24T14:09:48.420Z [INFO]: 🚀 Starting WhatsApp connection...
2025-07-24T14:09:50.785Z [INFO]: ✅ WhatsApp Bot Connected Successfully!
2025-07-24T14:09:50.789Z [INFO]: 📱 Bot Number: 255657126789:2@s.whatsapp.net
2025-07-24T14:09:50.791Z [INFO]: 🤖 Bot Name: Enhanced WhatsApp Bot
2025-07-24T14:09:50.793Z [INFO]: 🔧 Prefix: .
2025-07-24T14:10:48.991Z [INFO]: 🛑 Shutting down bot...
2025-07-24T14:10:49.000Z [INFO]: 🔄 Reconnecting in 2s (attempt 1/5)...
2025-07-24T14:10:49.002Z [INFO]: 🔌 Socket connection closed
2025-07-24T14:10:49.019Z [INFO]: 💾 Database connection closed
2025-07-24T14:10:49.020Z [INFO]: ✅ Bot shutdown complete
